<?xml version="1.0" encoding="UTF-8"?>
<!-- Generated by org.testng.reporters.JUnitXMLReporter -->
<testsuite hostname="L3TW3NQ2" ignored="0" name="Default test" tests="4" failures="0" timestamp="07 Feb 2019 18:02:42 GMT" time="7.566" errors="0">
  <testcase name="getListOfTickets" time="1.017" classname="Zendesk.Zendesk_Repo.TestCase"/>
  <testcase name="createTickets" time="1.92" classname="Zendesk.Zendesk_Repo.TestCase"/>
  <testcase name="updateTicketStatus" time="0.843" classname="Zendesk.Zendesk_Repo.TestCase"/>
  <testcase name="deleteTicket" time="1.001" classname="Zendesk.Zendesk_Repo.TestCase"/>
</testsuite> <!-- Default test -->
